<?xml version="1.0" encoding="UTF-8"?>
<!-- Generated by org.testng.reporters.JUnitReportReporter -->
<testsuite hostname="DESKTOP-GFDEEQT" name="com.ap.qa.testcases.LoginPageMyStore" tests="5" failures="0" timestamp="26 Aug 2019 04:13:31 GMT" time="45.947" errors="0">
  <testcase name="SignInPage" time="8.643" classname="com.ap.qa.testcases.LoginPageMyStore"/>
  <testcase name="ForgotPassword" time="10.879" classname="com.ap.qa.testcases.LoginPageMyStore"/>
  <testcase name="SignInPage" time="8.752" classname="com.ap.qa.testcases.LoginPageMyStore"/>
  <testcase name="loginPageTitleTest" time="8.198" classname="com.ap.qa.testcases.LoginPageMyStore"/>
  <testcase name="SignInPage" time="9.475" classname="com.ap.qa.testcases.LoginPageMyStore"/>
</testsuite> <!-- com.ap.qa.testcases.LoginPageMyStore -->
