<?xml version="1.0" encoding="UTF-8"?>
<!-- Generated by org.testng.reporters.JUnitReportReporter -->
<testsuite hostname="DESKTOP-GFDEEQT" name="com.ap.qa.testcases.HomePageTest" tests="2" failures="0" timestamp="26 Aug 2019 04:13:31 GMT" time="16.888" errors="0">
  <testcase name="HomePageTitleTest" time="7.677" classname="com.ap.qa.testcases.HomePageTest"/>
  <testcase name="ClickSignIn" time="9.211" classname="com.ap.qa.testcases.HomePageTest"/>
</testsuite> <!-- com.ap.qa.testcases.HomePageTest -->
