<?xml version="1.0" encoding="UTF-8"?>
<!-- Generated by org.testng.reporters.JUnitReportReporter -->
<testsuite hostname="DESKTOP-GFDEEQT" name="com.ap.qa.testcases.MyAccount" tests="1" failures="0" timestamp="26 Aug 2019 04:13:31 GMT" time="10.064" errors="0">
  <testcase name="verifyInfo" time="10.064" classname="com.ap.qa.testcases.MyAccount"/>
</testsuite> <!-- com.ap.qa.testcases.MyAccount -->
